<?xml version="1.0" encoding="UTF-8"?>
<testng-results skipped="0" failed="0" total="1" passed="1">
  <reporter-output>
  </reporter-output>
  <suite name="Default suite" duration-ms="13963" started-at="2021-06-27T09:16:27Z" finished-at="2021-06-27T09:16:41Z">
    <groups>
    </groups>
    <test name="Default test" duration-ms="13963" started-at="2021-06-27T09:16:27Z" finished-at="2021-06-27T09:16:41Z">
      <class name="com.testcases.Test02">
        <test-method status="PASS" signature="addUser()[pri:0, instance:com.testcases.Test02@3f0ee7cb]" name="addUser" duration-ms="13863" started-at="2021-06-27T14:46:27Z" finished-at="2021-06-27T14:46:40Z">
          <reporter-output>
          </reporter-output>
        </test-method> <!-- addUser -->
      </class> <!-- com.testcases.Test02 -->
    </test> <!-- Default test -->
  </suite> <!-- Default suite -->
</testng-results>
